Logfile initialized
[INFO] logfile = /Users/sagarmichael/Documents/Titanium_Studio_Workspace/Security Glass/build.log
[DEBUG] /Library/Application Support/Titanium/mobilesdk/osx/2.1.3.GA/android/builder.py simulator Security Glass /Users/sagarmichael/SDKs /Users/sagarmichael/Documents/Titanium_Studio_Workspace/Security Glass com.media.android 8 WVGA854 
[INFO] Building Security Glass for Android ... one moment
[INFO] Titanium SDK version: 2.1.3 (10/02/12 16:16 15997d0)
[DEBUG] Waiting for device to be ready ...
[TRACE] adb devices returned 1 devices/emulators
[TRACE] adb devices returned 1 devices/emulators
[TRACE] adb devices returned 1 devices/emulators
[TRACE] adb devices returned 1 devices/emulators
[DEBUG] Device connected... (waited 15 seconds)
[DEBUG] waited 15.071472 seconds on emulator to get ready
[INFO] Waiting for the Android Emulator to become available
[DEBUG] com.media.android installed? True
[INFO] Fastdev server running, deploying in Fastdev mode
[INFO] Copying CommonJS modules...
[INFO] Copying project resources..
[INFO] Tiapp.xml unchanged, skipping class generation
[DEBUG] Processing Android resource drawables
[DEBUG] found drawable-long-port-ldpi splash screen at /Users/sagarmichael/Documents/Titanium_Studio_Workspace/Security Glass/Resources/android/images/res-long-port-ldpi/default.png
[DEBUG] found drawable-notlong-port-ldpi splash screen at /Users/sagarmichael/Documents/Titanium_Studio_Workspace/Security Glass/Resources/android/images/res-notlong-port-ldpi/default.png
[DEBUG] found drawable-notlong-port-mdpi splash screen at /Users/sagarmichael/Documents/Titanium_Studio_Workspace/Security Glass/Resources/android/images/res-notlong-port-mdpi/default.png
[INFO] Waiting for SDCard to become available..
[INFO] Re-launching application ... Security Glass
[INFO] Launching application ... Security Glass
[TRACE] Launch output: Starting: Intent { act=android.intent.action.MAIN cat=[android.intent.category.LAUNCHER] flg=0x10200000 cmp=com.media.android/.SecurityGlassActivity }

[INFO] Android Emulator has exited
