Logfile initialized
[INFO] logfile = /Users/sagarmichael/Documents/Titanium_Studio_Workspace/AppMedia/build.log
[DEBUG] /Library/Application Support/Titanium/mobilesdk/osx/2.1.3.GA/android/builder.py simulator AppMedia /Users/sagarmichael/SDKs /Users/sagarmichael/Documents/Titanium_Studio_Workspace/AppMedia kint.media.app.AppMedia 8 WVGA854 
[INFO] Building AppMedia for Android ... one moment
[INFO] Titanium SDK version: 2.1.3 (10/02/12 16:16 15997d0)
[DEBUG] Waiting for device to be ready ...
[TRACE] adb devices returned 1 devices/emulators
[TRACE] adb devices returned 1 devices/emulators
[TRACE] adb devices returned 1 devices/emulators
[DEBUG] Device connected... (waited 10 seconds)
[DEBUG] waited 10.057470 seconds on emulator to get ready
[INFO] Waiting for the Android Emulator to become available
[DEBUG] kint.media.app.AppMedia installed? True
[INFO] Fastdev server running, deploying in Fastdev mode
[INFO] Copying CommonJS modules...
[INFO] Copying project resources..
[INFO] Detected change in tiapp.xml, or assets deleted. Forcing full re-build...
[TRACE] COPYING CREATED FILE: /Users/sagarmichael/Documents/Titanium_Studio_Workspace/AppMedia/Resources/android/appicon.png => /Users/sagarmichael/Documents/Titanium_Studio_Workspace/AppMedia/build/android/bin/assets/Resources/appicon.png
[TRACE] COPYING CREATED FILE: /Users/sagarmichael/Documents/Titanium_Studio_Workspace/AppMedia/Resources/app.js => /Users/sagarmichael/Documents/Titanium_Studio_Workspace/AppMedia/build/android/bin/assets/Resources/app.js
[TRACE] COPYING CREATED FILE: /Users/sagarmichael/Documents/Titanium_Studio_Workspace/AppMedia/Resources/images/229.png => /Users/sagarmichael/Documents/Titanium_Studio_Workspace/AppMedia/build/android/bin/assets/Resources/images/229.png
[TRACE] COPYING CREATED FILE: /Users/sagarmichael/Documents/Titanium_Studio_Workspace/AppMedia/Resources/images/276.png => /Users/sagarmichael/Documents/Titanium_Studio_Workspace/AppMedia/build/android/bin/assets/Resources/images/276.png
[TRACE] COPYING CREATED FILE: /Users/sagarmichael/Documents/Titanium_Studio_Workspace/AppMedia/Resources/images/458.png => /Users/sagarmichael/Documents/Titanium_Studio_Workspace/AppMedia/build/android/bin/assets/Resources/images/458.png
[TRACE] COPYING CREATED FILE: /Users/sagarmichael/Documents/Titanium_Studio_Workspace/AppMedia/Resources/images/KS_nav_ui.png => /Users/sagarmichael/Documents/Titanium_Studio_Workspace/AppMedia/build/android/bin/assets/Resources/images/KS_nav_ui.png
[TRACE] COPYING CREATED FILE: /Users/sagarmichael/Documents/Titanium_Studio_Workspace/AppMedia/Resources/images/KS_nav_views.png => /Users/sagarmichael/Documents/Titanium_Studio_Workspace/AppMedia/build/android/bin/assets/Resources/images/KS_nav_views.png
[TRACE] COPYING CREATED FILE: /Users/sagarmichael/Documents/Titanium_Studio_Workspace/AppMedia/Resources/KS_nav_ui.png => /Users/sagarmichael/Documents/Titanium_Studio_Workspace/AppMedia/build/android/bin/assets/Resources/KS_nav_ui.png
[TRACE] COPYING CREATED FILE: /Users/sagarmichael/Documents/Titanium_Studio_Workspace/AppMedia/Resources/KS_nav_views.png => /Users/sagarmichael/Documents/Titanium_Studio_Workspace/AppMedia/build/android/bin/assets/Resources/KS_nav_views.png
[TRACE] COPYING CREATED FILE: /Users/sagarmichael/Documents/Titanium_Studio_Workspace/AppMedia/Resources/lib/aes.js => /Users/sagarmichael/Documents/Titanium_Studio_Workspace/AppMedia/build/android/bin/assets/Resources/lib/aes.js
[TRACE] COPYING CREATED FILE: /Users/sagarmichael/Documents/Titanium_Studio_Workspace/AppMedia/Resources/lib/core.js => /Users/sagarmichael/Documents/Titanium_Studio_Workspace/AppMedia/build/android/bin/assets/Resources/lib/core.js
[TRACE] COPYING CREATED FILE: /Users/sagarmichael/Documents/Titanium_Studio_Workspace/AppMedia/Resources/lib/sjcl.js => /Users/sagarmichael/Documents/Titanium_Studio_Workspace/AppMedia/build/android/bin/assets/Resources/lib/sjcl.js
[TRACE] COPYING CREATED FILE: /Users/sagarmichael/Documents/Titanium_Studio_Workspace/AppMedia/Resources/ui/AboutView.js => /Users/sagarmichael/Documents/Titanium_Studio_Workspace/AppMedia/build/android/bin/assets/Resources/ui/AboutView.js
[TRACE] COPYING CREATED FILE: /Users/sagarmichael/Documents/Titanium_Studio_Workspace/AppMedia/Resources/ui/common/ApplicationTabGroup.js => /Users/sagarmichael/Documents/Titanium_Studio_Workspace/AppMedia/build/android/bin/assets/Resources/ui/common/ApplicationTabGroup.js
[TRACE] COPYING CREATED FILE: /Users/sagarmichael/Documents/Titanium_Studio_Workspace/AppMedia/Resources/ui/handheld/ApplicationWindow.js => /Users/sagarmichael/Documents/Titanium_Studio_Workspace/AppMedia/build/android/bin/assets/Resources/ui/handheld/ApplicationWindow.js
[TRACE] COPYING CREATED FILE: /Users/sagarmichael/Documents/Titanium_Studio_Workspace/AppMedia/Resources/ui/ImageView.js => /Users/sagarmichael/Documents/Titanium_Studio_Workspace/AppMedia/build/android/bin/assets/Resources/ui/ImageView.js
[TRACE] COPYING CREATED FILE: /Users/sagarmichael/Documents/Titanium_Studio_Workspace/AppMedia/Resources/ui/NewUserView.js => /Users/sagarmichael/Documents/Titanium_Studio_Workspace/AppMedia/build/android/bin/assets/Resources/ui/NewUserView.js
[TRACE] COPYING CREATED FILE: /Users/sagarmichael/Documents/Titanium_Studio_Workspace/AppMedia/Resources/ui/SearchView.js => /Users/sagarmichael/Documents/Titanium_Studio_Workspace/AppMedia/build/android/bin/assets/Resources/ui/SearchView.js
[TRACE] COPYING CREATED FILE: /Users/sagarmichael/Documents/Titanium_Studio_Workspace/AppMedia/Resources/ui/SettingsView.js => /Users/sagarmichael/Documents/Titanium_Studio_Workspace/AppMedia/build/android/bin/assets/Resources/ui/SettingsView.js
[TRACE] COPYING CREATED FILE: /Users/sagarmichael/Documents/Titanium_Studio_Workspace/AppMedia/Resources/ui/tablet/ApplicationWindow.js => /Users/sagarmichael/Documents/Titanium_Studio_Workspace/AppMedia/build/android/bin/assets/Resources/ui/tablet/ApplicationWindow.js
[TRACE] Generating Java Classes
[DEBUG] Processing Android resource drawables
[TRACE] COPYING FILE: /Users/sagarmichael/Documents/Titanium_Studio_Workspace/AppMedia/Resources/android/images/res-long-land-hdpi/ic_launcher.png => /Users/sagarmichael/Documents/Titanium_Studio_Workspace/AppMedia/build/android/res/drawable-long-land-hdpi/ic_launcher_7a1b9784d5.png
[TRACE] COPYING FILE: /Users/sagarmichael/Documents/Titanium_Studio_Workspace/AppMedia/Resources/android/images/res-long-land-ldpi/default.png => /Users/sagarmichael/Documents/Titanium_Studio_Workspace/AppMedia/build/android/res/drawable-long-land-ldpi/default_d44e27d97b.png
[TRACE] COPYING FILE: /Users/sagarmichael/Documents/Titanium_Studio_Workspace/AppMedia/Resources/android/images/res-long-port-hdpi/ic_launcher.png => /Users/sagarmichael/Documents/Titanium_Studio_Workspace/AppMedia/build/android/res/drawable-long-port-hdpi/ic_launcher_7a1b9784d5.png
[TRACE] COPYING FILE: /Users/sagarmichael/Documents/Titanium_Studio_Workspace/AppMedia/Resources/android/images/res-long-port-ldpi/default.png => /Users/sagarmichael/Documents/Titanium_Studio_Workspace/AppMedia/build/android/res/drawable-long-port-ldpi/default_d44e27d97b.png
[TRACE] COPYING FILE: /Users/sagarmichael/Documents/Titanium_Studio_Workspace/AppMedia/Resources/android/images/res-notlong-land-hdpi/ic_launcher.png => /Users/sagarmichael/Documents/Titanium_Studio_Workspace/AppMedia/build/android/res/drawable-notlong-land-hdpi/ic_launcher_7a1b9784d5.png
[TRACE] COPYING FILE: /Users/sagarmichael/Documents/Titanium_Studio_Workspace/AppMedia/Resources/android/images/res-notlong-land-ldpi/default.png => /Users/sagarmichael/Documents/Titanium_Studio_Workspace/AppMedia/build/android/res/drawable-notlong-land-ldpi/default_d44e27d97b.png
[TRACE] COPYING FILE: /Users/sagarmichael/Documents/Titanium_Studio_Workspace/AppMedia/Resources/android/images/res-notlong-land-mdpi/ic_launcher.png => /Users/sagarmichael/Documents/Titanium_Studio_Workspace/AppMedia/build/android/res/drawable-notlong-land-mdpi/ic_launcher_7a1b9784d5.png
[TRACE] COPYING FILE: /Users/sagarmichael/Documents/Titanium_Studio_Workspace/AppMedia/Resources/android/images/res-notlong-port-hdpi/ic_launcher.png => /Users/sagarmichael/Documents/Titanium_Studio_Workspace/AppMedia/build/android/res/drawable-notlong-port-hdpi/ic_launcher_7a1b9784d5.png
[TRACE] COPYING FILE: /Users/sagarmichael/Documents/Titanium_Studio_Workspace/AppMedia/Resources/android/images/res-notlong-port-ldpi/default.png => /Users/sagarmichael/Documents/Titanium_Studio_Workspace/AppMedia/build/android/res/drawable-notlong-port-ldpi/default_d44e27d97b.png
[TRACE] COPYING FILE: /Users/sagarmichael/Documents/Titanium_Studio_Workspace/AppMedia/Resources/android/images/res-notlong-port-mdpi/ic_launcher.png => /Users/sagarmichael/Documents/Titanium_Studio_Workspace/AppMedia/build/android/res/drawable-notlong-port-mdpi/ic_launcher_7a1b9784d5.png
[DEBUG] app stylesheet => /Users/sagarmichael/Documents/Titanium_Studio_Workspace/AppMedia/build/android/gen/kint/media/app/AppMedia/ApplicationStylesheet.java
[DEBUG] copying app icon: /Users/sagarmichael/Documents/Titanium_Studio_Workspace/AppMedia/build/android/bin/assets/Resources/appicon.png
[DEBUG] generating theme.xml
[DEBUG] found drawable-long-land-ldpi splash screen at /Users/sagarmichael/Documents/Titanium_Studio_Workspace/AppMedia/Resources/android/images/res-long-land-ldpi/default.png
[DEBUG] copying /Users/sagarmichael/Documents/Titanium_Studio_Workspace/AppMedia/Resources/android/images/res-long-land-ldpi/default.png splash screen to /Users/sagarmichael/Documents/Titanium_Studio_Workspace/AppMedia/build/android/res/drawable-long-land-ldpi/background.png
[DEBUG] found drawable-long-port-ldpi splash screen at /Users/sagarmichael/Documents/Titanium_Studio_Workspace/AppMedia/Resources/android/images/res-long-port-ldpi/default.png
[DEBUG] copying /Users/sagarmichael/Documents/Titanium_Studio_Workspace/AppMedia/Resources/android/images/res-long-port-ldpi/default.png splash screen to /Users/sagarmichael/Documents/Titanium_Studio_Workspace/AppMedia/build/android/res/drawable-long-port-ldpi/background.png
[DEBUG] found drawable-notlong-land-ldpi splash screen at /Users/sagarmichael/Documents/Titanium_Studio_Workspace/AppMedia/Resources/android/images/res-notlong-land-ldpi/default.png
[DEBUG] copying /Users/sagarmichael/Documents/Titanium_Studio_Workspace/AppMedia/Resources/android/images/res-notlong-land-ldpi/default.png splash screen to /Users/sagarmichael/Documents/Titanium_Studio_Workspace/AppMedia/build/android/res/drawable-notlong-land-ldpi/background.png
[DEBUG] found drawable-notlong-port-ldpi splash screen at /Users/sagarmichael/Documents/Titanium_Studio_Workspace/AppMedia/Resources/android/images/res-notlong-port-ldpi/default.png
[DEBUG] copying /Users/sagarmichael/Documents/Titanium_Studio_Workspace/AppMedia/Resources/android/images/res-notlong-port-ldpi/default.png splash screen to /Users/sagarmichael/Documents/Titanium_Studio_Workspace/AppMedia/build/android/res/drawable-notlong-port-ldpi/background.png
[DEBUG] copying default splash screen
[TRACE] Writing out AndroidManifest.xml
[DEBUG] adding /Users/sagarmichael/Documents/Titanium_Studio_Workspace/AppMedia/build/android/gen/kint/media/app/AppMedia/ApplicationStylesheet.java to javac build list
[DEBUG] adding /Users/sagarmichael/Documents/Titanium_Studio_Workspace/AppMedia/build/android/gen/kint/media/app/AppMedia/AppmediaActivity.java to javac build list
[DEBUG] adding /Users/sagarmichael/Documents/Titanium_Studio_Workspace/AppMedia/build/android/gen/kint/media/app/AppMedia/AppmediaAppInfo.java to javac build list
[DEBUG] adding /Users/sagarmichael/Documents/Titanium_Studio_Workspace/AppMedia/build/android/gen/kint/media/app/AppMedia/AppmediaApplication.java to javac build list
[DEBUG] adding /Users/sagarmichael/Documents/Titanium_Studio_Workspace/AppMedia/build/android/gen/kint/media/app/AppMedia/R.java to javac build list
[DEBUG] Building Java Sources: "/Users/sagarmichael/Documents/Titanium_Studio_Workspace/AppMedia/build/android/gen/kint/media/app/AppMedia/ApplicationStylesheet.java" "/Users/sagarmichael/Documents/Titanium_Studio_Workspace/AppMedia/build/android/gen/kint/media/app/AppMedia/AppmediaActivity.java" "/Users/sagarmichael/Documents/Titanium_Studio_Workspace/AppMedia/build/android/gen/kint/media/app/AppMedia/AppmediaAppInfo.java" "/Users/sagarmichael/Documents/Titanium_Studio_Workspace/AppMedia/build/android/gen/kint/media/app/AppMedia/AppmediaApplication.java" "/Users/sagarmichael/Documents/Titanium_Studio_Workspace/AppMedia/build/android/gen/kint/media/app/AppMedia/R.java"
[INFO] Waiting for SDCard to become available..
[INFO] Compiling Android Resources... This could take some time
[DEBUG] Android classes.dex built
[DEBUG] creating unsigned apk: /Users/sagarmichael/Documents/Titanium_Studio_Workspace/AppMedia/build/android/bin/app-unsigned.apk
[DEBUG] from resource zip => assets/Resources/images/229.png
[DEBUG] from resource zip => assets/Resources/images/276.png
[DEBUG] from resource zip => assets/Resources/images/458.png
[DEBUG] from resource zip => assets/Resources/images/KS_nav_ui.png
[DEBUG] from resource zip => assets/Resources/images/KS_nav_views.png
[DEBUG] from resource zip => assets/Resources/lib/aes.js
[DEBUG] from resource zip => assets/Resources/lib/core.js
[DEBUG] from resource zip => assets/Resources/lib/sjcl.js
[DEBUG] from resource zip => assets/Resources/ui/common/ApplicationTabGroup.js
[DEBUG] from resource zip => assets/Resources/ui/handheld/ApplicationWindow.js
[DEBUG] from resource zip => assets/Resources/ui/tablet/ApplicationWindow.js
[DEBUG] from resource zip => assets/Resources/ui/AboutView.js
[DEBUG] from resource zip => assets/Resources/ui/ImageView.js
[DEBUG] from resource zip => assets/Resources/ui/NewUserView.js
[DEBUG] from resource zip => assets/Resources/ui/SearchView.js
[DEBUG] from resource zip => assets/Resources/ui/SettingsView.js
[DEBUG] from resource zip => assets/Resources/KS_nav_ui.png
[DEBUG] from resource zip => assets/Resources/KS_nav_views.png
[DEBUG] from resource zip => assets/Resources/app.js
[DEBUG] from resource zip => assets/Resources/appicon.png
[DEBUG] from resource zip => assets/Resources/ti.cloud.js
[DEBUG] from resource zip => assets/app.json
[DEBUG] from resource zip => assets/index.json
[DEBUG] from resource zip => assets/tiapp.xml
[DEBUG] from resource zip => res/drawable/appicon.png
[DEBUG] from resource zip => res/drawable/background.png
[DEBUG] from resource zip => res/drawable/close.png
[DEBUG] from resource zip => res/drawable/facebook_login.png
[DEBUG] from resource zip => res/drawable/facebook_login_down.png
[DEBUG] from resource zip => res/drawable/facebook_login_wide.png
[DEBUG] from resource zip => res/drawable/facebook_login_wide_down.png
[DEBUG] from resource zip => res/drawable/facebook_logout.png
[DEBUG] from resource zip => res/drawable/facebook_logout_down.png
[DEBUG] from resource zip => res/layout/titanium_tabgroup.xml
[DEBUG] from resource zip => AndroidManifest.xml
[DEBUG] from resource zip => resources.arsc
[DEBUG] from resource zip => res/drawable-hdpi/close.png
[DEBUG] from resource zip => res/drawable-ldpi/close.png
[DEBUG] from resource zip => res/drawable-long-land-hdpi/ic_launcher_7a1b9784d5.png
[DEBUG] from resource zip => res/drawable-long-land-ldpi/background.png
[DEBUG] from resource zip => res/drawable-long-land-ldpi/default_d44e27d97b.png
[DEBUG] from resource zip => res/drawable-long-port-hdpi/ic_launcher_7a1b9784d5.png
[DEBUG] from resource zip => res/drawable-long-port-ldpi/background.png
[DEBUG] from resource zip => res/drawable-long-port-ldpi/default_d44e27d97b.png
[DEBUG] from resource zip => res/drawable-notlong-land-hdpi/ic_launcher_7a1b9784d5.png
[DEBUG] from resource zip => res/drawable-notlong-land-ldpi/background.png
[DEBUG] from resource zip => res/drawable-notlong-land-ldpi/default_d44e27d97b.png
[DEBUG] from resource zip => res/drawable-notlong-land-mdpi/ic_launcher_7a1b9784d5.png
[DEBUG] from resource zip => res/drawable-notlong-port-hdpi/ic_launcher_7a1b9784d5.png
[DEBUG] from resource zip => res/drawable-notlong-port-ldpi/background.png
[DEBUG] from resource zip => res/drawable-notlong-port-ldpi/default_d44e27d97b.png
[DEBUG] from resource zip => res/drawable-notlong-port-mdpi/ic_launcher_7a1b9784d5.png
[DEBUG] from JAR /Library/Application Support/Titanium/mobilesdk/osx/2.1.3.GA/android/thirdparty.jar => org/apache/Commons-NOTICE.txt
[DEBUG] from JAR /Library/Application Support/Titanium/mobilesdk/osx/2.1.3.GA/android/thirdparty.jar => org/apache/HttpComponents-NOTICE.txt
[DEBUG] from JAR /Library/Application Support/Titanium/mobilesdk/osx/2.1.3.GA/android/thirdparty.jar => org/apache/mime4j-NOTICE.txt
[DEBUG] from JAR /Library/Application Support/Titanium/mobilesdk/osx/2.1.3.GA/android/modules/titanium-ui.jar => ti/modules/titanium/ui/widget/webview/binding.js
[DEBUG] from JAR /Library/Application Support/Titanium/mobilesdk/osx/2.1.3.GA/android/modules/titanium-ui.jar => ti/modules/titanium/ui/widget/webview/binding.min.js
[DEBUG] from JAR /Library/Application Support/Titanium/mobilesdk/osx/2.1.3.GA/android/modules/titanium-ui.jar => ti/modules/titanium/ui/widget/webview/json2.js
[DEBUG] from JAR /Library/Application Support/Titanium/mobilesdk/osx/2.1.3.GA/android/modules/titanium-ui.jar => ti/modules/titanium/ui/widget/webview/polling.js
[DEBUG] from JAR /Library/Application Support/Titanium/mobilesdk/osx/2.1.3.GA/android/modules/titanium-ui.jar => ti/modules/titanium/ui/widget/webview/polling.min.js
[DEBUG] from JAR /Library/Application Support/Titanium/mobilesdk/osx/2.1.3.GA/android/modules/titanium-facebook.jar => ti/modules/titanium/facebook/LICENSE
[DEBUG] from JAR /Library/Application Support/Titanium/mobilesdk/osx/2.1.3.GA/android/titanium.jar => org/appcelerator/titanium/build.properties
[DEBUG] from JAR /Library/Application Support/Titanium/mobilesdk/osx/2.1.3.GA/android/titanium.jar => org/appcelerator/titanium/res/drawable/background.png
[DEBUG] from JAR /Library/Application Support/Titanium/mobilesdk/osx/2.1.3.GA/android/titanium.jar => org/appcelerator/titanium/res/drawable/btn_check_buttonless_on.png
[DEBUG] from JAR /Library/Application Support/Titanium/mobilesdk/osx/2.1.3.GA/android/titanium.jar => org/appcelerator/titanium/res/drawable/btn_check_buttonless_on_18.png
[DEBUG] from JAR /Library/Application Support/Titanium/mobilesdk/osx/2.1.3.GA/android/titanium.jar => org/appcelerator/titanium/res/drawable/btn_check_buttonless_on_48.png
[DEBUG] from JAR /Library/Application Support/Titanium/mobilesdk/osx/2.1.3.GA/android/titanium.jar => org/appcelerator/titanium/res/drawable/btn_more.png
[DEBUG] from JAR /Library/Application Support/Titanium/mobilesdk/osx/2.1.3.GA/android/titanium.jar => org/appcelerator/titanium/res/drawable/btn_more_18.png
[DEBUG] from JAR /Library/Application Support/Titanium/mobilesdk/osx/2.1.3.GA/android/titanium.jar => org/appcelerator/titanium/res/drawable/btn_more_48.png
[DEBUG] from JAR /Library/Application Support/Titanium/mobilesdk/osx/2.1.3.GA/android/titanium.jar => org/appcelerator/titanium/res/drawable/btn_picker_normal.9.png
[DEBUG] from JAR /Library/Application Support/Titanium/mobilesdk/osx/2.1.3.GA/android/titanium.jar => org/appcelerator/titanium/res/drawable/btn_picker_pressed.9.png
[DEBUG] from JAR /Library/Application Support/Titanium/mobilesdk/osx/2.1.3.GA/android/titanium.jar => org/appcelerator/titanium/res/drawable/btn_picker_selected.9.png
[DEBUG] from JAR /Library/Application Support/Titanium/mobilesdk/osx/2.1.3.GA/android/titanium.jar => org/appcelerator/titanium/res/drawable/default_icon.png
[DEBUG] from JAR /Library/Application Support/Titanium/mobilesdk/osx/2.1.3.GA/android/titanium.jar => org/appcelerator/titanium/res/drawable/photoDefault.png
[DEBUG] installing native SDK libs
[DEBUG] Waiting for device to be ready ...
[TRACE] adb devices returned 1 devices/emulators
[DEBUG] Device connected... (waited 0 seconds)
[DEBUG] waited 0.017566 seconds on emulator to get ready
[INFO] Installing application on emulator
[INFO] Launching application ... AppMedia
[TRACE] Launch output: Starting: Intent { act=android.intent.action.MAIN cat=[android.intent.category.LAUNCHER] flg=0x10200000 cmp=kint.media.app.AppMedia/.AppmediaActivity }

[INFO] Deployed AppMedia ... Application should be running.
[DEBUG] signal caught: 15
